<?xml version="1.0" encoding="UTF-8"?>
<!-- Generated by org.testng.reporters.JUnitReportReporter -->
<testsuite hostname="kavinesh" failures="0" tests="1" name="testingSeleniumGrid.GridTest" time="4.487" errors="0" timestamp="2025-04-22T11:41:22 IST" skipped="0">
  <testcase classname="testingSeleniumGrid.GridTest" name="verifyPageTitle" time="4.487"/>
  <system-out/>
</testsuite> <!-- testingSeleniumGrid.GridTest -->
