<?xml version="1.0" encoding="UTF-8"?>
<!-- Generated by org.testng.reporters.JUnitReportReporter -->
<testsuite hostname="kavinesh" failures="0" tests="3" name="com.orangehrm.testcases.SearchUser" time="64.176" errors="0" timestamp="2025-04-22T22:29:37 IST" skipped="0">
  <testcase classname="com.orangehrm.testcases.SearchUser" name="searchUser" time="17.055"/>
  <system-out/>
  <testcase classname="com.orangehrm.testcases.SearchUser" name="searchUserRole" time="26.497"/>
  <system-out/>
  <testcase classname="com.orangehrm.testcases.SearchUser" name="searchEnabledUsers" time="20.624"/>
  <system-out/>
</testsuite> <!-- com.orangehrm.testcases.SearchUser -->
