<?xml version="1.0" encoding="UTF-8"?>
<!-- Generated by org.testng.reporters.JUnitReportReporter -->
<testsuite hostname="kavinesh" failures="0" tests="1" name="com.salesforce.testcases.LoginPage_TC_001" time="26.905" errors="0" timestamp="2025-04-04T12:48:47 IST" skipped="0">
  <testcase classname="com.salesforce.testcases.LoginPage_TC_001" name="login" time="26.905"/>
  <system-out/>
</testsuite> <!-- com.salesforce.testcases.LoginPage_TC_001 -->
