<?xml version="1.0" encoding="UTF-8"?>
<!-- Generated by org.testng.reporters.JUnitReportReporter -->
<testsuite hostname="kavinesh" failures="0" tests="1" name="com.orangehrm.testcases.TC001_SelectUser" time="27.793" errors="0" timestamp="2025-04-22T22:29:37 IST" skipped="0">
  <testcase classname="com.orangehrm.testcases.TC001_SelectUser" name="selectUser" time="27.793"/>
  <system-out/>
</testsuite> <!-- com.orangehrm.testcases.TC001_SelectUser -->
