<?xml version="1.0" encoding="UTF-8"?>
<!-- Generated by org.testng.reporters.JUnitReportReporter -->
<testsuite hostname="kavinesh" failures="0" tests="4" name="com.orangehrm.testcases.SearchUser" time="1.430" errors="1" timestamp="2025-04-24T18:55:51 IST" skipped="3">
  <testcase classname="com.orangehrm.testcases.SearchUser" name="preCondition" time="1.430">
    <error type="java.lang.StackOverflowError">
      <![CDATA[java.lang.StackOverflowError
at java.base/java.lang.NullPointerException.fillInStackTrace(NullPointerException.java:90)
at java.base/java.lang.Throwable.<init>(Throwable.java:256)
at java.base/java.lang.Exception.<init>(Exception.java:55)
at java.base/java.lang.RuntimeException.<init>(RuntimeException.java:52)
at java.base/java.lang.NullPointerException.<init>(NullPointerException.java:59)
at com.framework.selenium.api.base.SeleniumBase.takeSnap(SeleniumBase.java:903)
at com.framework.utils.Reporter.reportStep(Reporter.java:81)
at com.framework.utils.Reporter.reportStep(Reporter.java:107)
at com.framework.selenium.api.base.SeleniumBase.takeSnap(SeleniumBase.java:910)
at com.framework.utils.Reporter.reportStep(Reporter.java:81)
at com.framework.utils.Reporter.reportStep(Reporter.java:107)
at com.framework.selenium.api.base.SeleniumBase.takeSnap(SeleniumBase.java:910)
at com.framework.utils.Reporter.reportStep(Reporter.java:81)
at com.framework.utils.Reporter.reportStep(Reporter.java:107)
at com.framework.selenium.api.base.SeleniumBase.takeSnap(SeleniumBase.java:910)
at com.framework.utils.Reporter.reportStep(Reporter.java:81)
at com.framework.utils.Reporter.reportStep(Reporter.java:107)
at com.framework.selenium.api.base.SeleniumBase.takeSnap(SeleniumBase.java:910)
at com.framework.utils.Reporter.reportStep(Reporter.java:81)
at com.framework.utils.Reporter.reportStep(Reporter.java:107)
at com.framework.selenium.api.base.SeleniumBase.takeSnap(SeleniumBase.java:910)
at com.framework.utils.Reporter.reportStep(Reporter.java:81)
at com.framework.utils.Reporter.reportStep(Reporter.java:107)
at com.framework.selenium.api.base.SeleniumBase.takeSnap(SeleniumBase.java:910)
at com.framework.utils.Reporter.reportStep(Reporter.java:81)
at com.framework.utils.Reporter.reportStep(Reporter.java:107)
at com.framework.selenium.api.base.SeleniumBase.takeSnap(SeleniumBase.java:910)
at com.framework.utils.Reporter.reportStep(Reporter.java:81)
at com.framework.utils.Reporter.reportStep(Reporter.java:107)
at com.framework.selenium.api.base.SeleniumBase.takeSnap(SeleniumBase.java:910)
at com.framework.utils.Reporter.reportStep(Reporter.java:81)
at com.framework.utils.Reporter.reportStep(Reporter.java:107)
at com.framework.selenium.api.base.SeleniumBase.takeSnap(SeleniumBase.java:910)
at com.framework.utils.Reporter.reportStep(Reporter.java:81)
at com.framework.utils.Reporter.reportStep(Reporter.java:107)
at com.framework.selenium.api.base.SeleniumBase.takeSnap(SeleniumBase.java:910)
at com.framework.utils.Reporter.reportStep(Reporter.java:81)
at com.framework.utils.Reporter.reportStep(Reporter.java:107)
at com.framework.selenium.api.base.SeleniumBase.takeSnap(SeleniumBase.java:910)
at com.framework.utils.Reporter.reportStep(Reporter.java:81)
at com.framework.utils.Reporter.reportStep(Reporter.java:107)
at com.framework.selenium.api.base.SeleniumBase.takeSnap(SeleniumBase.java:910)
at com.framework.utils.Reporter.reportStep(Reporter.java:81)
at com.framework.utils.Reporter.reportStep(Reporter.java:107)
at com.framework.selenium.api.base.SeleniumBase.takeSnap(SeleniumBase.java:910)
at com.framework.utils.Reporter.reportStep(Reporter.java:81)
at com.framework.utils.Reporter.reportStep(Reporter.java:107)
at com.framework.selenium.api.base.SeleniumBase.takeSnap(SeleniumBase.java:910)
at com.framework.utils.Reporter.reportStep(Reporter.java:81)
at com.framework.utils.Reporter.reportStep(Reporter.java:107)
at com.framework.selenium.api.base.SeleniumBase.takeSnap(SeleniumBase.java:910)
at com.framework.utils.Reporter.reportStep(Reporter.java:81)
at com.framework.utils.Reporter.reportStep(Reporter.java:107)
at com.framework.selenium.api.base.SeleniumBase.takeSnap(SeleniumBase.java:910)
at com.framework.utils.Reporter.reportStep(Reporter.java:81)
at com.framework.utils.Reporter.reportStep(Reporter.java:107)
at com.framework.selenium.api.base.SeleniumBase.takeSnap(SeleniumBase.java:910)
at com.framework.utils.Reporter.reportStep(Reporter.java:81)
at com.framework.utils.Reporter.reportStep(Reporter.java:107)
at com.framework.selenium.api.base.SeleniumBase.takeSnap(SeleniumBase.java:910)
at com.framework.utils.Reporter.reportStep(Reporter.java:81)
at com.framework.utils.Reporter.reportStep(Reporter.java:107)
at com.framework.selenium.api.base.SeleniumBase.takeSnap(SeleniumBase.java:910)
at com.framework.utils.Reporter.reportStep(Reporter.java:81)
at com.framework.utils.Reporter.reportStep(Reporter.java:107)
at com.framework.selenium.api.base.SeleniumBase.takeSnap(SeleniumBase.java:910)
at com.framework.utils.Reporter.reportStep(Reporter.java:81)
at com.framework.utils.Reporter.reportStep(Reporter.java:107)
at com.framework.selenium.api.base.SeleniumBase.takeSnap(SeleniumBase.java:910)
at com.framework.utils.Reporter.reportStep(Reporter.java:81)
at com.framework.utils.Reporter.reportStep(Reporter.java:107)
at com.framework.selenium.api.base.SeleniumBase.takeSnap(SeleniumBase.java:910)
at com.framework.utils.Reporter.reportStep(Reporter.java:81)
at com.framework.utils.Reporter.reportStep(Reporter.java:107)
at com.framework.selenium.api.base.SeleniumBase.takeSnap(SeleniumBase.java:910)
at com.framework.utils.Reporter.reportStep(Reporter.java:81)
at com.framework.utils.Reporter.reportStep(Reporter.java:107)
at com.framework.selenium.api.base.SeleniumBase.takeSnap(SeleniumBase.java:910)
at com.framework.utils.Reporter.reportStep(Reporter.java:81)
at com.framework.utils.Reporter.reportStep(Reporter.java:107)
at com.framework.selenium.api.base.SeleniumBase.takeSnap(SeleniumBase.java:910)
at com.framework.utils.Reporter.reportStep(Reporter.java:81)
at com.framework.utils.Reporter.reportStep(Reporter.java:107)
at com.framework.selenium.api.base.SeleniumBase.takeSnap(SeleniumBase.java:910)
at com.framework.utils.Reporter.reportStep(Reporter.java:81)
at com.framework.utils.Reporter.reportStep(Reporter.java:107)
at com.framework.selenium.api.base.SeleniumBase.takeSnap(SeleniumBase.java:910)
at com.framework.utils.Reporter.reportStep(Reporter.java:81)
at com.framework.utils.Reporter.reportStep(Reporter.java:107)
at com.framework.selenium.api.base.SeleniumBase.takeSnap(SeleniumBase.java:910)
at com.framework.utils.Reporter.reportStep(Reporter.java:81)
at com.framework.utils.Reporter.reportStep(Reporter.java:107)
at com.framework.selenium.api.base.SeleniumBase.takeSnap(SeleniumBase.java:910)
at com.framework.utils.Reporter.reportStep(Reporter.java:81)
at com.framework.utils.Reporter.reportStep(Reporter.java:107)
at com.framework.selenium.api.base.SeleniumBase.takeSnap(SeleniumBase.java:910)
at com.framework.utils.Reporter.reportStep(Reporter.java:81)
at com.framework.utils.Reporter.reportStep(Reporter.java:107)
at com.framework.selenium.api.base.SeleniumBase.takeSnap(SeleniumBase.java:910)
at com.framework.utils.Reporter.reportStep(Reporter.java:81)
at com.framework.utils.Reporter.reportStep(Reporter.java:107)
at com.framework.selenium.api.base.SeleniumBase.takeSnap(SeleniumBase.java:910)
at com.framework.utils.Reporter.reportStep(Reporter.java:81)
at com.framework.utils.Reporter.reportStep(Reporter.java:107)
at com.framework.selenium.api.base.SeleniumBase.takeSnap(SeleniumBase.java:910)
at com.framework.utils.Reporter.reportStep(Reporter.java:81)
at com.framework.utils.Reporter.reportStep(Reporter.java:107)
at com.framework.selenium.api.base.SeleniumBase.takeSnap(SeleniumBase.java:910)
at com.framework.utils.Reporter.reportStep(Reporter.java:81)
at com.framework.utils.Reporter.reportStep(Reporter.java:107)
at com.framework.selenium.api.base.SeleniumBase.takeSnap(SeleniumBase.java:910)
at com.framework.utils.Reporter.reportStep(Reporter.java:81)
at com.framework.utils.Reporter.reportStep(Reporter.java:107)
at com.framework.selenium.api.base.SeleniumBase.takeSnap(SeleniumBase.java:910)
at com.framework.utils.Reporter.reportStep(Reporter.java:81)
at com.framework.utils.Reporter.reportStep(Reporter.java:107)
at com.framework.selenium.api.base.SeleniumBase.takeSnap(SeleniumBase.java:910)
at com.framework.utils.Reporter.reportStep(Reporter.java:81)
at com.framework.utils.Reporter.reportStep(Reporter.java:107)
at com.framework.selenium.api.base.SeleniumBase.takeSnap(SeleniumBase.java:910)
at com.framework.utils.Reporter.reportStep(Reporter.java:81)
at com.framework.utils.Reporter.reportStep(Reporter.java:107)
at com.framework.selenium.api.base.SeleniumBase.takeSnap(SeleniumBase.java:910)
at com.framework.utils.Reporter.reportStep(Reporter.java:81)
at com.framework.utils.Reporter.reportStep(Reporter.java:107)
at com.framework.selenium.api.base.SeleniumBase.takeSnap(SeleniumBase.java:910)
at com.framework.utils.Reporter.reportStep(Reporter.java:81)
at com.framework.utils.Reporter.reportStep(Reporter.java:107)
at com.framework.selenium.api.base.SeleniumBase.takeSnap(SeleniumBase.java:910)
at com.framework.utils.Reporter.reportStep(Reporter.java:81)
at com.framework.utils.Reporter.reportStep(Reporter.java:107)
at com.framework.selenium.api.base.SeleniumBase.takeSnap(SeleniumBase.java:910)
at com.framework.utils.Reporter.reportStep(Reporter.java:81)
at com.framework.utils.Reporter.reportStep(Reporter.java:107)
at com.framework.selenium.api.base.SeleniumBase.takeSnap(SeleniumBase.java:910)
at com.framework.utils.Reporter.reportStep(Reporter.java:81)
at com.framework.utils.Reporter.reportStep(Reporter.java:107)
at com.framework.selenium.api.base.SeleniumBase.takeSnap(SeleniumBase.java:910)
at com.framework.utils.Reporter.reportStep(Reporter.java:81)
at com.framework.utils.Reporter.reportStep(Reporter.java:107)
at com.framework.selenium.api.base.SeleniumBase.takeSnap(SeleniumBase.java:910)
at com.framework.utils.Reporter.reportStep(Reporter.java:81)
at com.framework.utils.Reporter.reportStep(Reporter.java:107)
at com.framework.selenium.api.base.SeleniumBase.takeSnap(SeleniumBase.java:910)
at com.framework.utils.Reporter.reportStep(Reporter.java:81)
at com.framework.utils.Reporter.reportStep(Reporter.java:107)
at com.framework.selenium.api.base.SeleniumBase.takeSnap(SeleniumBase.java:910)
at com.framework.utils.Reporter.reportStep(Reporter.java:81)
at com.framework.utils.Reporter.reportStep(Reporter.java:107)
at com.framework.selenium.api.base.SeleniumBase.takeSnap(SeleniumBase.java:910)
at com.framework.utils.Reporter.reportStep(Reporter.java:81)
at com.framework.utils.Reporter.reportStep(Reporter.java:107)
at com.framework.selenium.api.base.SeleniumBase.takeSnap(SeleniumBase.java:910)
at com.framework.utils.Reporter.reportStep(Reporter.java:81)
at com.framework.utils.Reporter.reportStep(Reporter.java:107)
at com.framework.selenium.api.base.SeleniumBase.takeSnap(SeleniumBase.java:910)
at com.framework.utils.Reporter.reportStep(Reporter.java:81)
at com.framework.utils.Reporter.reportStep(Reporter.java:107)
at com.framework.selenium.api.base.SeleniumBase.takeSnap(SeleniumBase.java:910)
at com.framework.utils.Reporter.reportStep(Reporter.java:81)
at com.framework.utils.Reporter.reportStep(Reporter.java:107)
at com.framework.selenium.api.base.SeleniumBase.takeSnap(SeleniumBase.java:910)
at com.framework.utils.Reporter.reportStep(Reporter.java:81)
at com.framework.utils.Reporter.reportStep(Reporter.java:107)
at com.framework.selenium.api.base.SeleniumBase.takeSnap(SeleniumBase.java:910)
at com.framework.utils.Reporter.reportStep(Reporter.java:81)
at com.framework.utils.Reporter.reportStep(Reporter.java:107)
at com.framework.selenium.api.base.SeleniumBase.takeSnap(SeleniumBase.java:910)
at com.framework.utils.Reporter.reportStep(Reporter.java:81)
at com.framework.utils.Reporter.reportStep(Reporter.java:107)
at com.framework.selenium.api.base.SeleniumBase.takeSnap(SeleniumBase.java:910)
at com.framework.utils.Reporter.reportStep(Reporter.java:81)
at com.framework.utils.Reporter.reportStep(Reporter.java:107)
at com.framework.selenium.api.base.SeleniumBase.takeSnap(SeleniumBase.java:910)
at com.framework.utils.Reporter.reportStep(Reporter.java:81)
at com.framework.utils.Reporter.reportStep(Reporter.java:107)
at com.framework.selenium.api.base.SeleniumBase.takeSnap(SeleniumBase.java:910)
at com.framework.utils.Reporter.reportStep(Reporter.java:81)
at com.framework.utils.Reporter.reportStep(Reporter.java:107)
at com.framework.selenium.api.base.SeleniumBase.takeSnap(SeleniumBase.java:910)
at com.framework.utils.Reporter.reportStep(Reporter.java:81)
at com.framework.utils.Reporter.reportStep(Reporter.java:107)
at com.framework.selenium.api.base.SeleniumBase.takeSnap(SeleniumBase.java:910)
at com.framework.utils.Reporter.reportStep(Reporter.java:81)
at com.framework.utils.Reporter.reportStep(Reporter.java:107)
at com.framework.selenium.api.base.SeleniumBase.takeSnap(SeleniumBase.java:910)
at com.framework.utils.Reporter.reportStep(Reporter.java:81)
at com.framework.utils.Reporter.reportStep(Reporter.java:107)
at com.framework.selenium.api.base.SeleniumBase.takeSnap(SeleniumBase.java:910)
at com.framework.utils.Reporter.reportStep(Reporter.java:81)
at com.framework.utils.Reporter.reportStep(Reporter.java:107)
at com.framework.selenium.api.base.SeleniumBase.takeSnap(SeleniumBase.java:910)
at com.framework.utils.Reporter.reportStep(Reporter.java:81)
at com.framework.utils.Reporter.reportStep(Reporter.java:107)
at com.framework.selenium.api.base.SeleniumBase.takeSnap(SeleniumBase.java:910)
at com.framework.utils.Reporter.reportStep(Reporter.java:81)
at com.framework.utils.Reporter.reportStep(Reporter.java:107)
at com.framework.selenium.api.base.SeleniumBase.takeSnap(SeleniumBase.java:910)
at com.framework.utils.Reporter.reportStep(Reporter.java:81)
at com.framework.utils.Reporter.reportStep(Reporter.java:107)
at com.framework.selenium.api.base.SeleniumBase.takeSnap(SeleniumBase.java:910)
at com.framework.utils.Reporter.reportStep(Reporter.java:81)
at com.framework.utils.Reporter.reportStep(Reporter.java:107)
at com.framework.selenium.api.base.SeleniumBase.takeSnap(SeleniumBase.java:910)
at com.framework.utils.Reporter.reportStep(Reporter.java:81)
at com.framework.utils.Reporter.reportStep(Reporter.java:107)
at com.framework.selenium.api.base.SeleniumBase.takeSnap(SeleniumBase.java:910)
at com.framework.utils.Reporter.reportStep(Reporter.java:81)
at com.framework.utils.Reporter.reportStep(Reporter.java:107)
at com.framework.selenium.api.base.SeleniumBase.takeSnap(SeleniumBase.java:910)
at com.framework.utils.Reporter.reportStep(Reporter.java:81)
at com.framework.utils.Reporter.reportStep(Reporter.java:107)
at com.framework.selenium.api.base.SeleniumBase.takeSnap(SeleniumBase.java:910)
at com.framework.utils.Reporter.reportStep(Reporter.java:81)
at com.framework.utils.Reporter.reportStep(Reporter.java:107)
at com.framework.selenium.api.base.SeleniumBase.takeSnap(SeleniumBase.java:910)
at com.framework.utils.Reporter.reportStep(Reporter.java:81)
at com.framework.utils.Reporter.reportStep(Reporter.java:107)
at com.framework.selenium.api.base.SeleniumBase.takeSnap(SeleniumBase.java:910)
at com.framework.utils.Reporter.reportStep(Reporter.java:81)
at com.framework.utils.Reporter.reportStep(Reporter.java:107)
at com.framework.selenium.api.base.SeleniumBase.takeSnap(SeleniumBase.java:910)
at com.framework.utils.Reporter.reportStep(Reporter.java:81)
at com.framework.utils.Reporter.reportStep(Reporter.java:107)
at com.framework.selenium.api.base.SeleniumBase.takeSnap(SeleniumBase.java:910)
at com.framework.utils.Reporter.reportStep(Reporter.java:81)
at com.framework.utils.Reporter.reportStep(Reporter.java:107)
at com.framework.selenium.api.base.SeleniumBase.takeSnap(SeleniumBase.java:910)
at com.framework.utils.Reporter.reportStep(Reporter.java:81)
at com.framework.utils.Reporter.reportStep(Reporter.java:107)
at com.framework.selenium.api.base.SeleniumBase.takeSnap(SeleniumBase.java:910)
at com.framework.utils.Reporter.reportStep(Reporter.java:81)
at com.framework.utils.Reporter.reportStep(Reporter.java:107)
at com.framework.selenium.api.base.SeleniumBase.takeSnap(SeleniumBase.java:910)
at com.framework.utils.Reporter.reportStep(Reporter.java:81)
at com.framework.utils.Reporter.reportStep(Reporter.java:107)
at com.framework.selenium.api.base.SeleniumBase.takeSnap(SeleniumBase.java:910)
at com.framework.utils.Reporter.reportStep(Reporter.java:81)
at com.framework.utils.Reporter.reportStep(Reporter.java:107)
at com.framework.selenium.api.base.SeleniumBase.takeSnap(SeleniumBase.java:910)
at com.framework.utils.Reporter.reportStep(Reporter.java:81)
at com.framework.utils.Reporter.reportStep(Reporter.java:107)
at com.framework.selenium.api.base.SeleniumBase.takeSnap(SeleniumBase.java:910)
at com.framework.utils.Reporter.reportStep(Reporter.java:81)
at com.framework.utils.Reporter.reportStep(Reporter.java:107)
at com.framework.selenium.api.base.SeleniumBase.takeSnap(SeleniumBase.java:910)
at com.framework.utils.Reporter.reportStep(Reporter.java:81)
at com.framework.utils.Reporter.reportStep(Reporter.java:107)
at com.framework.selenium.api.base.SeleniumBase.takeSnap(SeleniumBase.java:910)
at com.framework.utils.Reporter.reportStep(Reporter.java:81)
at com.framework.utils.Reporter.reportStep(Reporter.java:107)
at com.framework.selenium.api.base.SeleniumBase.takeSnap(SeleniumBase.java:910)
at com.framework.utils.Reporter.reportStep(Reporter.java:81)
at com.framework.utils.Reporter.reportStep(Reporter.java:107)
at com.framework.selenium.api.base.SeleniumBase.takeSnap(SeleniumBase.java:910)
at com.framework.utils.Reporter.reportStep(Reporter.java:81)
at com.framework.utils.Reporter.reportStep(Reporter.java:107)
at com.framework.selenium.api.base.SeleniumBase.takeSnap(SeleniumBase.java:910)
at com.framework.utils.Reporter.reportStep(Reporter.java:81)
at com.framework.utils.Reporter.reportStep(Reporter.java:107)
at com.framework.selenium.api.base.SeleniumBase.takeSnap(SeleniumBase.java:910)
at com.framework.utils.Reporter.reportStep(Reporter.java:81)
at com.framework.utils.Reporter.reportStep(Reporter.java:107)
at com.framework.selenium.api.base.SeleniumBase.takeSnap(SeleniumBase.java:910)
at com.framework.utils.Reporter.reportStep(Reporter.java:81)
at com.framework.utils.Reporter.reportStep(Reporter.java:107)
at com.framework.selenium.api.base.SeleniumBase.takeSnap(SeleniumBase.java:910)
at com.framework.utils.Reporter.reportStep(Reporter.java:81)
at com.framework.utils.Reporter.reportStep(Reporter.java:107)
at com.framework.selenium.api.base.SeleniumBase.takeSnap(SeleniumBase.java:910)
at com.framework.utils.Reporter.reportStep(Reporter.java:81)
at com.framework.utils.Reporter.reportStep(Reporter.java:107)
at com.framework.selenium.api.base.SeleniumBase.takeSnap(SeleniumBase.java:910)
at com.framework.utils.Reporter.reportStep(Reporter.java:81)
at com.framework.utils.Reporter.reportStep(Reporter.java:107)
at com.framework.selenium.api.base.SeleniumBase.takeSnap(SeleniumBase.java:910)
at com.framework.utils.Reporter.reportStep(Reporter.java:81)
at com.framework.utils.Reporter.reportStep(Reporter.java:107)
at com.framework.selenium.api.base.SeleniumBase.takeSnap(SeleniumBase.java:910)
at com.framework.utils.Reporter.reportStep(Reporter.java:81)
at com.framework.utils.Reporter.reportStep(Reporter.java:107)
at com.framework.selenium.api.base.SeleniumBase.takeSnap(SeleniumBase.java:910)
at com.framework.utils.Reporter.reportStep(Reporter.java:81)
at com.framework.utils.Reporter.reportStep(Reporter.java:107)
at com.framework.selenium.api.base.SeleniumBase.takeSnap(SeleniumBase.java:910)
at com.framework.utils.Reporter.reportStep(Reporter.java:81)
at com.framework.utils.Reporter.reportStep(Reporter.java:107)
at com.framework.selenium.api.base.SeleniumBase.takeSnap(SeleniumBase.java:910)
at com.framework.utils.Reporter.reportStep(Reporter.java:81)
at com.framework.utils.Reporter.reportStep(Reporter.java:107)
at com.framework.selenium.api.base.SeleniumBase.takeSnap(SeleniumBase.java:910)
at com.framework.utils.Reporter.reportStep(Reporter.java:81)
at com.framework.utils.Reporter.reportStep(Reporter.java:107)
at com.framework.selenium.api.base.SeleniumBase.takeSnap(SeleniumBase.java:910)
at com.framework.utils.Reporter.reportStep(Reporter.java:81)
at com.framework.utils.Reporter.reportStep(Reporter.java:107)
at com.framework.selenium.api.base.SeleniumBase.takeSnap(SeleniumBase.java:910)
at com.framework.utils.Reporter.reportStep(Reporter.java:81)
at com.framework.utils.Reporter.reportStep(Reporter.java:107)
at com.framework.selenium.api.base.SeleniumBase.takeSnap(SeleniumBase.java:910)
at com.framework.utils.Reporter.reportStep(Reporter.java:81)
at com.framework.utils.Reporter.reportStep(Reporter.java:107)
at com.framework.selenium.api.base.SeleniumBase.takeSnap(SeleniumBase.java:910)
at com.framework.utils.Reporter.reportStep(Reporter.java:81)
at com.framework.utils.Reporter.reportStep(Reporter.java:107)
at com.framework.selenium.api.base.SeleniumBase.takeSnap(SeleniumBase.java:910)
at com.framework.utils.Reporter.reportStep(Reporter.java:81)
at com.framework.utils.Reporter.reportStep(Reporter.java:107)
at com.framework.selenium.api.base.SeleniumBase.takeSnap(SeleniumBase.java:910)
at com.framework.utils.Reporter.reportStep(Reporter.java:81)
at com.framework.utils.Reporter.reportStep(Reporter.java:107)
at com.framework.selenium.api.base.SeleniumBase.takeSnap(SeleniumBase.java:910)
at com.framework.utils.Reporter.reportStep(Reporter.java:81)
at com.framework.utils.Reporter.reportStep(Reporter.java:107)
at com.framework.selenium.api.base.SeleniumBase.takeSnap(SeleniumBase.java:910)
at com.framework.utils.Reporter.reportStep(Reporter.java:81)
at com.framework.utils.Reporter.reportStep(Reporter.java:107)
at com.framework.selenium.api.base.SeleniumBase.takeSnap(SeleniumBase.java:910)
at com.framework.utils.Reporter.reportStep(Reporter.java:81)
at com.framework.utils.Reporter.reportStep(Reporter.java:107)
at com.framework.selenium.api.base.SeleniumBase.takeSnap(SeleniumBase.java:910)
at com.framework.utils.Reporter.reportStep(Reporter.java:81)
at com.framework.utils.Reporter.reportStep(Reporter.java:107)
at com.framework.selenium.api.base.SeleniumBase.takeSnap(SeleniumBase.java:910)
at com.framework.utils.Reporter.reportStep(Reporter.java:81)
at com.framework.utils.Reporter.reportStep(Reporter.java:107)
at com.framework.selenium.api.base.SeleniumBase.takeSnap(SeleniumBase.java:910)
at com.framework.utils.Reporter.reportStep(Reporter.java:81)
at com.framework.utils.Reporter.reportStep(Reporter.java:107)
at com.framework.selenium.api.base.SeleniumBase.takeSnap(SeleniumBase.java:910)
at com.framework.utils.Reporter.reportStep(Reporter.java:81)
at com.framework.utils.Reporter.reportStep(Reporter.java:107)
at com.framework.selenium.api.base.SeleniumBase.takeSnap(SeleniumBase.java:910)
at com.framework.utils.Reporter.reportStep(Reporter.java:81)
at com.framework.utils.Reporter.reportStep(Reporter.java:107)
at com.framework.selenium.api.base.SeleniumBase.takeSnap(SeleniumBase.java:910)
at com.framework.utils.Reporter.reportStep(Reporter.java:81)
at com.framework.utils.Reporter.reportStep(Reporter.java:107)
at com.framework.selenium.api.base.SeleniumBase.takeSnap(SeleniumBase.java:910)
at com.framework.utils.Reporter.reportStep(Reporter.java:81)
at com.framework.utils.Reporter.reportStep(Reporter.java:107)
at com.framework.selenium.api.base.SeleniumBase.takeSnap(SeleniumBase.java:910)
at com.framework.utils.Reporter.reportStep(Reporter.java:81)
at com.framework.utils.Reporter.reportStep(Reporter.java:107)
at com.framework.selenium.api.base.SeleniumBase.takeSnap(SeleniumBase.java:910)
at com.framework.utils.Reporter.reportStep(Reporter.java:81)
at com.framework.utils.Reporter.reportStep(Reporter.java:107)
at com.framework.selenium.api.base.SeleniumBase.takeSnap(SeleniumBase.java:910)
at com.framework.utils.Reporter.reportStep(Reporter.java:81)
at com.framework.utils.Reporter.reportStep(Reporter.java:107)
at com.framework.selenium.api.base.SeleniumBase.takeSnap(SeleniumBase.java:910)
at com.framework.utils.Reporter.reportStep(Reporter.java:81)
at com.framework.utils.Reporter.reportStep(Reporter.java:107)
at com.framework.selenium.api.base.SeleniumBase.takeSnap(SeleniumBase.java:910)
at com.framework.utils.Reporter.reportStep(Reporter.java:81)
at com.framework.utils.Reporter.reportStep(Reporter.java:107)
at com.framework.selenium.api.base.SeleniumBase.takeSnap(SeleniumBase.java:910)
at com.framework.utils.Reporter.reportStep(Reporter.java:81)
at com.framework.utils.Reporter.reportStep(Reporter.java:107)
at com.framework.selenium.api.base.SeleniumBase.takeSnap(SeleniumBase.java:910)
at com.framework.utils.Reporter.reportStep(Reporter.java:81)
at com.framework.utils.Reporter.reportStep(Reporter.java:107)
at com.framework.selenium.api.base.SeleniumBase.takeSnap(SeleniumBase.java:910)
at com.framework.utils.Reporter.reportStep(Reporter.java:81)
at com.framework.utils.Reporter.reportStep(Reporter.java:107)
at com.framework.selenium.api.base.SeleniumBase.takeSnap(SeleniumBase.java:910)
at com.framework.utils.Reporter.reportStep(Reporter.java:81)
at com.framework.utils.Reporter.reportStep(Reporter.java:107)
at com.framework.selenium.api.base.SeleniumBase.takeSnap(SeleniumBase.java:910)
at com.framework.utils.Reporter.reportStep(Reporter.java:81)
at com.framework.utils.Reporter.reportStep(Reporter.java:107)
at com.framework.selenium.api.base.SeleniumBase.takeSnap(SeleniumBase.java:910)
at com.framework.utils.Reporter.reportStep(Reporter.java:81)
at com.framework.utils.Reporter.reportStep(Reporter.java:107)
at com.framework.selenium.api.base.SeleniumBase.takeSnap(SeleniumBase.java:910)
at com.framework.utils.Reporter.reportStep(Reporter.java:81)
at com.framework.utils.Reporter.reportStep(Reporter.java:107)
at com.framework.selenium.api.base.SeleniumBase.takeSnap(SeleniumBase.java:910)
at com.framework.utils.Reporter.reportStep(Reporter.java:81)
at com.framework.utils.Reporter.reportStep(Reporter.java:107)
at com.framework.selenium.api.base.SeleniumBase.takeSnap(SeleniumBase.java:910)
at com.framework.utils.Reporter.reportStep(Reporter.java:81)
at com.framework.utils.Reporter.reportStep(Reporter.java:107)
at com.framework.selenium.api.base.SeleniumBase.takeSnap(SeleniumBase.java:910)
at com.framework.utils.Reporter.reportStep(Reporter.java:81)
at com.framework.utils.Reporter.reportStep(Reporter.java:107)
at com.framework.selenium.api.base.SeleniumBase.takeSnap(SeleniumBase.java:910)
at com.framework.utils.Reporter.reportStep(Reporter.java:81)
at com.framework.utils.Reporter.reportStep(Reporter.java:107)
at com.framework.selenium.api.base.SeleniumBase.takeSnap(SeleniumBase.java:910)
at com.framework.utils.Reporter.reportStep(Reporter.java:81)
at com.framework.utils.Reporter.reportStep(Reporter.java:107)
at com.framework.selenium.api.base.SeleniumBase.takeSnap(SeleniumBase.java:910)
at com.framework.utils.Reporter.reportStep(Reporter.java:81)
at com.framework.utils.Reporter.reportStep(Reporter.java:107)
at com.framework.selenium.api.base.SeleniumBase.takeSnap(SeleniumBase.java:910)
at com.framework.utils.Reporter.reportStep(Reporter.java:81)
at com.framework.utils.Reporter.reportStep(Reporter.java:107)
at com.framework.selenium.api.base.SeleniumBase.takeSnap(SeleniumBase.java:910)
at com.framework.utils.Reporter.reportStep(Reporter.java:81)
at com.framework.utils.Reporter.reportStep(Reporter.java:107)
at com.framework.selenium.api.base.SeleniumBase.takeSnap(SeleniumBase.java:910)
at com.framework.utils.Reporter.reportStep(Reporter.java:81)
at com.framework.utils.Reporter.reportStep(Reporter.java:107)
at com.framework.selenium.api.base.SeleniumBase.takeSnap(SeleniumBase.java:910)
at com.framework.utils.Reporter.reportStep(Reporter.java:81)
at com.framework.utils.Reporter.reportStep(Reporter.java:107)
at com.framework.selenium.api.base.SeleniumBase.takeSnap(SeleniumBase.java:910)
at com.framework.utils.Reporter.reportStep(Reporter.java:81)
at com.framework.utils.Reporter.reportStep(Reporter.java:107)
at com.framework.selenium.api.base.SeleniumBase.takeSnap(SeleniumBase.java:910)
at com.framework.utils.Reporter.reportStep(Reporter.java:81)
at com.framework.utils.Reporter.reportStep(Reporter.java:107)
at com.framework.selenium.api.base.SeleniumBase.takeSnap(SeleniumBase.java:910)
at com.framework.utils.Reporter.reportStep(Reporter.java:81)
at com.framework.utils.Reporter.reportStep(Reporter.java:107)
at com.framework.selenium.api.base.SeleniumBase.takeSnap(SeleniumBase.java:910)
at com.framework.utils.Reporter.reportStep(Reporter.java:81)
at com.framework.utils.Reporter.reportStep(Reporter.java:107)
at com.framework.selenium.api.base.SeleniumBase.takeSnap(SeleniumBase.java:910)
at com.framework.utils.Reporter.reportStep(Reporter.java:81)
at com.framework.utils.Reporter.reportStep(Reporter.java:107)
at com.framework.selenium.api.base.SeleniumBase.takeSnap(SeleniumBase.java:910)
at com.framework.utils.Reporter.reportStep(Reporter.java:81)
at com.framework.utils.Reporter.reportStep(Reporter.java:107)
at com.framework.selenium.api.base.SeleniumBase.takeSnap(SeleniumBase.java:910)
at com.framework.utils.Reporter.reportStep(Reporter.java:81)
at com.framework.utils.Reporter.reportStep(Reporter.java:107)
at com.framework.selenium.api.base.SeleniumBase.takeSnap(SeleniumBase.java:910)
at com.framework.utils.Reporter.reportStep(Reporter.java:81)
at com.framework.utils.Reporter.reportStep(Reporter.java:107)
at com.framework.selenium.api.base.SeleniumBase.takeSnap(SeleniumBase.java:910)
at com.framework.utils.Reporter.reportStep(Reporter.java:81)
at com.framework.utils.Reporter.reportStep(Reporter.java:107)
at com.framework.selenium.api.base.SeleniumBase.takeSnap(SeleniumBase.java:910)
at com.framework.utils.Reporter.reportStep(Reporter.java:81)
at com.framework.utils.Reporter.reportStep(Reporter.java:107)
at com.framework.selenium.api.base.SeleniumBase.takeSnap(SeleniumBase.java:910)
at com.framework.utils.Reporter.reportStep(Reporter.java:81)
at com.framework.utils.Reporter.reportStep(Reporter.java:107)
at com.framework.selenium.api.base.SeleniumBase.takeSnap(SeleniumBase.java:910)
at com.framework.utils.Reporter.reportStep(Reporter.java:81)
at com.framework.utils.Reporter.reportStep(Reporter.java:107)
at com.framework.selenium.api.base.SeleniumBase.takeSnap(SeleniumBase.java:910)
at com.framework.utils.Reporter.reportStep(Reporter.java:81)
at com.framework.utils.Reporter.reportStep(Reporter.java:107)
at com.framework.selenium.api.base.SeleniumBase.takeSnap(SeleniumBase.java:910)
at com.framework.utils.Reporter.reportStep(Reporter.java:81)
at com.framework.utils.Reporter.reportStep(Reporter.java:107)
at com.framework.selenium.api.base.SeleniumBase.takeSnap(SeleniumBase.java:910)
at com.framework.utils.Reporter.reportStep(Reporter.java:81)
at com.framework.utils.Reporter.reportStep(Reporter.java:107)
at com.framework.selenium.api.base.SeleniumBase.takeSnap(SeleniumBase.java:910)
at com.framework.utils.Reporter.reportStep(Reporter.java:81)
at com.framework.utils.Reporter.reportStep(Reporter.java:107)
at com.framework.selenium.api.base.SeleniumBase.takeSnap(SeleniumBase.java:910)
at com.framework.utils.Reporter.reportStep(Reporter.java:81)
at com.framework.utils.Reporter.reportStep(Reporter.java:107)
at com.framework.selenium.api.base.SeleniumBase.takeSnap(SeleniumBase.java:910)
at com.framework.utils.Reporter.reportStep(Reporter.java:81)
at com.framework.utils.Reporter.reportStep(Reporter.java:107)
at com.framework.selenium.api.base.SeleniumBase.takeSnap(SeleniumBase.java:910)
at com.framework.utils.Reporter.reportStep(Reporter.java:81)
at com.framework.utils.Reporter.reportStep(Reporter.java:107)
at com.framework.selenium.api.base.SeleniumBase.takeSnap(SeleniumBase.java:910)
at com.framework.utils.Reporter.reportStep(Reporter.java:81)
at com.framework.utils.Reporter.reportStep(Reporter.java:107)
at com.framework.selenium.api.base.SeleniumBase.takeSnap(SeleniumBase.java:910)
at com.framework.utils.Reporter.reportStep(Reporter.java:81)
at com.framework.utils.Reporter.reportStep(Reporter.java:107)
at com.framework.selenium.api.base.SeleniumBase.takeSnap(SeleniumBase.java:910)
at com.framework.utils.Reporter.reportStep(Reporter.java:81)
at com.framework.utils.Reporter.reportStep(Reporter.java:107)
at com.framework.selenium.api.base.SeleniumBase.takeSnap(SeleniumBase.java:910)
at com.framework.utils.Reporter.reportStep(Reporter.java:81)
at com.framework.utils.Reporter.reportStep(Reporter.java:107)
at com.framework.selenium.api.base.SeleniumBase.takeSnap(SeleniumBase.java:910)
at com.framework.utils.Reporter.reportStep(Reporter.java:81)
at com.framework.utils.Reporter.reportStep(Reporter.java:107)
at com.framework.selenium.api.base.SeleniumBase.takeSnap(SeleniumBase.java:910)
at com.framework.utils.Reporter.reportStep(Reporter.java:81)
at com.framework.utils.Reporter.reportStep(Reporter.java:107)
at com.framework.selenium.api.base.SeleniumBase.takeSnap(SeleniumBase.java:910)
at com.framework.utils.Reporter.reportStep(Reporter.java:81)
at com.framework.utils.Reporter.reportStep(Reporter.java:107)
at com.framework.selenium.api.base.SeleniumBase.takeSnap(SeleniumBase.java:910)
at com.framework.utils.Reporter.reportStep(Reporter.java:81)
at com.framework.utils.Reporter.reportStep(Reporter.java:107)
at com.framework.selenium.api.base.SeleniumBase.takeSnap(SeleniumBase.java:910)
at com.framework.utils.Reporter.reportStep(Reporter.java:81)
at com.framework.utils.Reporter.reportStep(Reporter.java:107)
at com.framework.selenium.api.base.SeleniumBase.takeSnap(SeleniumBase.java:910)
at com.framework.utils.Reporter.reportStep(Reporter.java:81)
at com.framework.utils.Reporter.reportStep(Reporter.java:107)
at com.framework.selenium.api.base.SeleniumBase.takeSnap(SeleniumBase.java:910)
at com.framework.utils.Reporter.reportStep(Reporter.java:81)
at com.framework.utils.Reporter.reportStep(Reporter.java:107)
at com.framework.selenium.api.base.SeleniumBase.takeSnap(SeleniumBase.java:910)
at com.framework.utils.Reporter.reportStep(Reporter.java:81)
at com.framework.utils.Reporter.reportStep(Reporter.java:107)
at com.framework.selenium.api.base.SeleniumBase.takeSnap(SeleniumBase.java:910)
at com.framework.utils.Reporter.reportStep(Reporter.java:81)
at com.framework.utils.Reporter.reportStep(Reporter.java:107)
at com.framework.selenium.api.base.SeleniumBase.takeSnap(SeleniumBase.java:910)
at com.framework.utils.Reporter.reportStep(Reporter.java:81)
at com.framework.utils.Reporter.reportStep(Reporter.java:107)
at com.framework.selenium.api.base.SeleniumBase.takeSnap(SeleniumBase.java:910)
at com.framework.utils.Reporter.reportStep(Reporter.java:81)
at com.framework.utils.Reporter.reportStep(Reporter.java:107)
at com.framework.selenium.api.base.SeleniumBase.takeSnap(SeleniumBase.java:910)
at com.framework.utils.Reporter.reportStep(Reporter.java:81)
at com.framework.utils.Reporter.reportStep(Reporter.java:107)
at com.framework.selenium.api.base.SeleniumBase.takeSnap(SeleniumBase.java:910)
at com.framework.utils.Reporter.reportStep(Reporter.java:81)
at com.framework.utils.Reporter.reportStep(Reporter.java:107)
at com.framework.selenium.api.base.SeleniumBase.takeSnap(SeleniumBase.java:910)
at com.framework.utils.Reporter.reportStep(Reporter.java:81)
at com.framework.utils.Reporter.reportStep(Reporter.java:107)
at com.framework.selenium.api.base.SeleniumBase.takeSnap(SeleniumBase.java:910)
at com.framework.utils.Reporter.reportStep(Reporter.java:81)
at com.framework.utils.Reporter.reportStep(Reporter.java:107)
at com.framework.selenium.api.base.SeleniumBase.takeSnap(SeleniumBase.java:910)
at com.framework.utils.Reporter.reportStep(Reporter.java:81)
at com.framework.utils.Reporter.reportStep(Reporter.java:107)
at com.framework.selenium.api.base.SeleniumBase.takeSnap(SeleniumBase.java:910)
at com.framework.utils.Reporter.reportStep(Reporter.java:81)
at com.framework.utils.Reporter.reportStep(Reporter.java:107)
at com.framework.selenium.api.base.SeleniumBase.takeSnap(SeleniumBase.java:910)
at com.framework.utils.Reporter.reportStep(Reporter.java:81)
at com.framework.utils.Reporter.reportStep(Reporter.java:107)
at com.framework.selenium.api.base.SeleniumBase.takeSnap(SeleniumBase.java:910)
at com.framework.utils.Reporter.reportStep(Reporter.java:81)
at com.framework.utils.Reporter.reportStep(Reporter.java:107)
at com.framework.selenium.api.base.SeleniumBase.takeSnap(SeleniumBase.java:910)
at com.framework.utils.Reporter.reportStep(Reporter.java:81)
at com.framework.utils.Reporter.reportStep(Reporter.java:107)
at com.framework.selenium.api.base.SeleniumBase.takeSnap(SeleniumBase.java:910)
at com.framework.utils.Reporter.reportStep(Reporter.java:81)
at com.framework.utils.Reporter.reportStep(Reporter.java:107)
at com.framework.selenium.api.base.SeleniumBase.takeSnap(SeleniumBase.java:910)
at com.framework.utils.Reporter.reportStep(Reporter.java:81)
at com.framework.utils.Reporter.reportStep(Reporter.java:107)
at com.framework.selenium.api.base.SeleniumBase.takeSnap(SeleniumBase.java:910)
at com.framework.utils.Reporter.reportStep(Reporter.java:81)
at com.framework.utils.Reporter.reportStep(Reporter.java:107)
at com.framework.selenium.api.base.SeleniumBase.takeSnap(SeleniumBase.java:910)
at com.framework.utils.Reporter.reportStep(Reporter.java:81)
at com.framework.utils.Reporter.reportStep(Reporter.java:107)
at com.framework.selenium.api.base.SeleniumBase.takeSnap(SeleniumBase.java:910)
at com.framework.utils.Reporter.reportStep(Reporter.java:81)
at com.framework.utils.Reporter.reportStep(Reporter.java:107)
at com.framework.selenium.api.base.SeleniumBase.takeSnap(SeleniumBase.java:910)
at com.framework.utils.Reporter.reportStep(Reporter.java:81)
at com.framework.utils.Reporter.reportStep(Reporter.java:107)
at com.framework.selenium.api.base.SeleniumBase.takeSnap(SeleniumBase.java:910)
at com.framework.utils.Reporter.reportStep(Reporter.java:81)
at com.framework.utils.Reporter.reportStep(Reporter.java:107)
at com.framework.selenium.api.base.SeleniumBase.takeSnap(SeleniumBase.java:910)
at com.framework.utils.Reporter.reportStep(Reporter.java:81)
at com.framework.utils.Reporter.reportStep(Reporter.java:107)
at com.framework.selenium.api.base.SeleniumBase.takeSnap(SeleniumBase.java:910)
at com.framework.utils.Reporter.reportStep(Reporter.java:81)
at com.framework.utils.Reporter.reportStep(Reporter.java:107)
at com.framework.selenium.api.base.SeleniumBase.takeSnap(SeleniumBase.java:910)
at com.framework.utils.Reporter.reportStep(Reporter.java:81)
at com.framework.utils.Reporter.reportStep(Reporter.java:107)
at com.framework.selenium.api.base.SeleniumBase.takeSnap(SeleniumBase.java:910)
at com.framework.utils.Reporter.reportStep(Reporter.java:81)
at com.framework.utils.Reporter.reportStep(Reporter.java:107)
at com.framework.selenium.api.base.SeleniumBase.takeSnap(SeleniumBase.java:910)
at com.framework.utils.Reporter.reportStep(Reporter.java:81)
at com.framework.utils.Reporter.reportStep(Reporter.java:107)
at com.framework.selenium.api.base.SeleniumBase.takeSnap(SeleniumBase.java:910)
at com.framework.utils.Reporter.reportStep(Reporter.java:81)
at com.framework.utils.Reporter.reportStep(Reporter.java:107)
at com.framework.selenium.api.base.SeleniumBase.takeSnap(SeleniumBase.java:910)
at com.framework.utils.Reporter.reportStep(Reporter.java:81)
at com.framework.utils.Reporter.reportStep(Reporter.java:107)
at com.framework.selenium.api.base.SeleniumBase.takeSnap(SeleniumBase.java:910)
at com.framework.utils.Reporter.reportStep(Reporter.java:81)
at com.framework.utils.Reporter.reportStep(Reporter.java:107)
at com.framework.selenium.api.base.SeleniumBase.takeSnap(SeleniumBase.java:910)
at com.framework.utils.Reporter.reportStep(Reporter.java:81)
at com.framework.utils.Reporter.reportStep(Reporter.java:107)
at com.framework.selenium.api.base.SeleniumBase.takeSnap(SeleniumBase.java:910)
at com.framework.utils.Reporter.reportStep(Reporter.java:81)
at com.framework.utils.Reporter.reportStep(Reporter.java:107)
at com.framework.selenium.api.base.SeleniumBase.takeSnap(SeleniumBase.java:910)
at com.framework.utils.Reporter.reportStep(Reporter.java:81)
at com.framework.utils.Reporter.reportStep(Reporter.java:107)
at com.framework.selenium.api.base.SeleniumBase.takeSnap(SeleniumBase.java:910)
at com.framework.utils.Reporter.reportStep(Reporter.java:81)
at com.framework.utils.Reporter.reportStep(Reporter.java:107)
at com.framework.selenium.api.base.SeleniumBase.takeSnap(SeleniumBase.java:910)
at com.framework.utils.Reporter.reportStep(Reporter.java:81)
at com.framework.utils.Reporter.reportStep(Reporter.java:107)
at com.framework.selenium.api.base.SeleniumBase.takeSnap(SeleniumBase.java:910)
at com.framework.utils.Reporter.reportStep(Reporter.java:81)
at com.framework.utils.Reporter.reportStep(Reporter.java:107)
at com.framework.selenium.api.base.SeleniumBase.takeSnap(SeleniumBase.java:910)
at com.framework.utils.Reporter.reportStep(Reporter.java:81)
at com.framework.utils.Reporter.reportStep(Reporter.java:107)
at com.framework.selenium.api.base.SeleniumBase.takeSnap(SeleniumBase.java:910)
at com.framework.utils.Reporter.reportStep(Reporter.java:81)
at com.framework.utils.Reporter.reportStep(Reporter.java:107)
at com.framework.selenium.api.base.SeleniumBase.takeSnap(SeleniumBase.java:910)
at com.framework.utils.Reporter.reportStep(Reporter.java:81)
at com.framework.utils.Reporter.reportStep(Reporter.java:107)
at com.framework.selenium.api.base.SeleniumBase.takeSnap(SeleniumBase.java:910)
at com.framework.utils.Reporter.reportStep(Reporter.java:81)
at com.framework.utils.Reporter.reportStep(Reporter.java:107)
at com.framework.selenium.api.base.SeleniumBase.takeSnap(SeleniumBase.java:910)
at com.framework.utils.Reporter.reportStep(Reporter.java:81)
at com.framework.utils.Reporter.reportStep(Reporter.java:107)
at com.framework.selenium.api.base.SeleniumBase.takeSnap(SeleniumBase.java:910)
at com.framework.utils.Reporter.reportStep(Reporter.java:81)
at com.framework.utils.Reporter.reportStep(Reporter.java:107)
at com.framework.selenium.api.base.SeleniumBase.takeSnap(SeleniumBase.java:910)
at com.framework.utils.Reporter.reportStep(Reporter.java:81)
at com.framework.utils.Reporter.reportStep(Reporter.java:107)
at com.framework.selenium.api.base.SeleniumBase.takeSnap(SeleniumBase.java:910)
at com.framework.utils.Reporter.reportStep(Reporter.java:81)
at com.framework.utils.Reporter.reportStep(Reporter.java:107)
at com.framework.selenium.api.base.SeleniumBase.takeSnap(SeleniumBase.java:910)
at com.framework.utils.Reporter.reportStep(Reporter.java:81)
at com.framework.utils.Reporter.reportStep(Reporter.java:107)
at com.framework.selenium.api.base.SeleniumBase.takeSnap(SeleniumBase.java:910)
at com.framework.utils.Reporter.reportStep(Reporter.java:81)
at com.framework.utils.Reporter.reportStep(Reporter.java:107)
at com.framework.selenium.api.base.SeleniumBase.takeSnap(SeleniumBase.java:910)
at com.framework.utils.Reporter.reportStep(Reporter.java:81)
at com.framework.utils.Reporter.reportStep(Reporter.java:107)
at com.framework.selenium.api.base.SeleniumBase.takeSnap(SeleniumBase.java:910)
at com.framework.utils.Reporter.reportStep(Reporter.java:81)
at com.framework.utils.Reporter.reportStep(Reporter.java:107)
at com.framework.selenium.api.base.SeleniumBase.takeSnap(SeleniumBase.java:910)
at com.framework.utils.Reporter.reportStep(Reporter.java:81)
at com.framework.utils.Reporter.reportStep(Reporter.java:107)
at com.framework.selenium.api.base.SeleniumBase.takeSnap(SeleniumBase.java:910)
at com.framework.utils.Reporter.reportStep(Reporter.java:81)
at com.framework.utils.Reporter.reportStep(Reporter.java:107)
at com.framework.selenium.api.base.SeleniumBase.takeSnap(SeleniumBase.java:910)
at com.framework.utils.Reporter.reportStep(Reporter.java:81)
at com.framework.utils.Reporter.reportStep(Reporter.java:107)
at com.framework.selenium.api.base.SeleniumBase.takeSnap(SeleniumBase.java:910)
at com.framework.utils.Reporter.reportStep(Reporter.java:81)
at com.framework.utils.Reporter.reportStep(Reporter.java:107)
at com.framework.selenium.api.base.SeleniumBase.takeSnap(SeleniumBase.java:910)
at com.framework.utils.Reporter.reportStep(Reporter.java:81)
at com.framework.utils.Reporter.reportStep(Reporter.java:107)
at com.framework.selenium.api.base.SeleniumBase.takeSnap(SeleniumBase.java:910)
at com.framework.utils.Reporter.reportStep(Reporter.java:81)
at com.framework.utils.Reporter.reportStep(Reporter.java:107)
at com.framework.selenium.api.base.SeleniumBase.takeSnap(SeleniumBase.java:910)
at com.framework.utils.Reporter.reportStep(Reporter.java:81)
at com.framework.utils.Reporter.reportStep(Reporter.java:107)
at com.framework.selenium.api.base.SeleniumBase.takeSnap(SeleniumBase.java:910)
at com.framework.utils.Reporter.reportStep(Reporter.java:81)
at com.framework.utils.Reporter.reportStep(Reporter.java:107)
at com.framework.selenium.api.base.SeleniumBase.takeSnap(SeleniumBase.java:910)
at com.framework.utils.Reporter.reportStep(Reporter.java:81)
at com.framework.utils.Reporter.reportStep(Reporter.java:107)
at com.framework.selenium.api.base.SeleniumBase.takeSnap(SeleniumBase.java:910)
at com.framework.utils.Reporter.reportStep(Reporter.java:81)
at com.framework.utils.Reporter.reportStep(Reporter.java:107)
at com.framework.selenium.api.base.SeleniumBase.takeSnap(SeleniumBase.java:910)
at com.framework.utils.Reporter.reportStep(Reporter.java:81)
at com.framework.utils.Reporter.reportStep(Reporter.java:107)
at com.framework.selenium.api.base.SeleniumBase.takeSnap(SeleniumBase.java:910)
at com.framework.utils.Reporter.reportStep(Reporter.java:81)
at com.framework.utils.Reporter.reportStep(Reporter.java:107)
at com.framework.selenium.api.base.SeleniumBase.takeSnap(SeleniumBase.java:910)
at com.framework.utils.Reporter.reportStep(Reporter.java:81)
at com.framework.utils.Reporter.reportStep(Reporter.java:107)
at com.framework.selenium.api.base.SeleniumBase.takeSnap(SeleniumBase.java:910)
at com.framework.utils.Reporter.reportStep(Reporter.java:81)
at com.framework.utils.Reporter.reportStep(Reporter.java:107)
at com.framework.selenium.api.base.SeleniumBase.takeSnap(SeleniumBase.java:910)
at com.framework.utils.Reporter.reportStep(Reporter.java:81)
at com.framework.utils.Reporter.reportStep(Reporter.java:107)
at com.framework.selenium.api.base.SeleniumBase.takeSnap(SeleniumBase.java:910)
at com.framework.utils.Reporter.reportStep(Reporter.java:81)
at com.framework.utils.Reporter.reportStep(Reporter.java:107)
at com.framework.selenium.api.base.SeleniumBase.takeSnap(SeleniumBase.java:910)
at com.framework.utils.Reporter.reportStep(Reporter.java:81)
at com.framework.utils.Reporter.reportStep(Reporter.java:107)
at com.framework.selenium.api.base.SeleniumBase.takeSnap(SeleniumBase.java:910)
at com.framework.utils.Reporter.reportStep(Reporter.java:81)
at com.framework.utils.Reporter.reportStep(Reporter.java:107)
at com.framework.selenium.api.base.SeleniumBase.takeSnap(SeleniumBase.java:910)
at com.framework.utils.Reporter.reportStep(Reporter.java:81)
at com.framework.utils.Reporter.reportStep(Reporter.java:107)
at com.framework.selenium.api.base.SeleniumBase.takeSnap(SeleniumBase.java:910)
at com.framework.utils.Reporter.reportStep(Reporter.java:81)
at com.framework.utils.Reporter.reportStep(Reporter.java:107)
at com.framework.selenium.api.base.SeleniumBase.takeSnap(SeleniumBase.java:910)
at com.framework.utils.Reporter.reportStep(Reporter.java:81)
at com.framework.utils.Reporter.reportStep(Reporter.java:107)
at com.framework.selenium.api.base.SeleniumBase.takeSnap(SeleniumBase.java:910)
at com.framework.utils.Reporter.reportStep(Reporter.java:81)
at com.framework.utils.Reporter.reportStep(Reporter.java:107)
at com.framework.selenium.api.base.SeleniumBase.takeSnap(SeleniumBase.java:910)
at com.framework.utils.Reporter.reportStep(Reporter.java:81)
at com.framework.utils.Reporter.reportStep(Reporter.java:107)
at com.framework.selenium.api.base.SeleniumBase.takeSnap(SeleniumBase.java:910)
at com.framework.utils.Reporter.reportStep(Reporter.java:81)
at com.framework.utils.Reporter.reportStep(Reporter.java:107)
at com.framework.selenium.api.base.SeleniumBase.takeSnap(SeleniumBase.java:910)
at com.framework.utils.Reporter.reportStep(Reporter.java:81)
at com.framework.utils.Reporter.reportStep(Reporter.java:107)
at com.framework.selenium.api.base.SeleniumBase.takeSnap(SeleniumBase.java:910)
at com.framework.utils.Reporter.reportStep(Reporter.java:81)
at com.framework.utils.Reporter.reportStep(Reporter.java:107)
at com.framework.selenium.api.base.SeleniumBase.takeSnap(SeleniumBase.java:910)
at com.framework.utils.Reporter.reportStep(Reporter.java:81)
at com.framework.utils.Reporter.reportStep(Reporter.java:107)
at com.framework.selenium.api.base.SeleniumBase.takeSnap(SeleniumBase.java:910)
at com.framework.utils.Reporter.reportStep(Reporter.java:81)
at com.framework.utils.Reporter.reportStep(Reporter.java:107)
at com.framework.selenium.api.base.SeleniumBase.takeSnap(SeleniumBase.java:910)
at com.framework.utils.Reporter.reportStep(Reporter.java:81)
at com.framework.utils.Reporter.reportStep(Reporter.java:107)
at com.framework.selenium.api.base.SeleniumBase.takeSnap(SeleniumBase.java:910)
at com.framework.utils.Reporter.reportStep(Reporter.java:81)
at com.framework.utils.Reporter.reportStep(Reporter.java:107)
at com.framework.selenium.api.base.SeleniumBase.takeSnap(SeleniumBase.java:910)
at com.framework.utils.Reporter.reportStep(Reporter.java:81)
at com.framework.utils.Reporter.reportStep(Reporter.java:107)
at com.framework.selenium.api.base.SeleniumBase.takeSnap(SeleniumBase.java:910)
at com.framework.utils.Reporter.reportStep(Reporter.java:81)
at com.framework.utils.Reporter.reportStep(Reporter.java:107)
at com.framework.selenium.api.base.SeleniumBase.takeSnap(SeleniumBase.java:910)
at com.framework.utils.Reporter.reportStep(Reporter.java:81)
at com.framework.utils.Reporter.reportStep(Reporter.java:107)
at com.framework.selenium.api.base.SeleniumBase.takeSnap(SeleniumBase.java:910)
at com.framework.utils.Reporter.reportStep(Reporter.java:81)
at com.framework.utils.Reporter.reportStep(Reporter.java:107)
at com.framework.selenium.api.base.SeleniumBase.takeSnap(SeleniumBase.java:910)
at com.framework.utils.Reporter.reportStep(Reporter.java:81)
at com.framework.utils.Reporter.reportStep(Reporter.java:107)
at com.framework.selenium.api.base.SeleniumBase.takeSnap(SeleniumBase.java:910)
at com.framework.utils.Reporter.reportStep(Reporter.java:81)
at com.framework.utils.Reporter.reportStep(Reporter.java:107)
at com.framework.selenium.api.base.SeleniumBase.takeSnap(SeleniumBase.java:910)
at com.framework.utils.Reporter.reportStep(Reporter.java:81)
at com.framework.utils.Reporter.reportStep(Reporter.java:107)
at com.framework.selenium.api.base.SeleniumBase.takeSnap(SeleniumBase.java:910)
at com.framework.utils.Reporter.reportStep(Reporter.java:81)
at com.framework.utils.Reporter.reportStep(Reporter.java:107)
at com.framework.selenium.api.base.SeleniumBase.takeSnap(SeleniumBase.java:910)
at com.framework.utils.Reporter.reportStep(Reporter.java:81)
at com.framework.utils.Reporter.reportStep(Reporter.java:107)
at com.framework.selenium.api.base.SeleniumBase.takeSnap(SeleniumBase.java:910)
at com.framework.utils.Reporter.reportStep(Reporter.java:81)
at com.framework.utils.Reporter.reportStep(Reporter.java:107)
at com.framework.selenium.api.base.SeleniumBase.takeSnap(SeleniumBase.java:910)
at com.framework.utils.Reporter.reportStep(Reporter.java:81)
at com.framework.utils.Reporter.reportStep(Reporter.java:107)
at com.framework.selenium.api.base.SeleniumBase.takeSnap(SeleniumBase.java:910)
at com.framework.utils.Reporter.reportStep(Reporter.java:81)
at com.framework.utils.Reporter.reportStep(Reporter.java:107)
at com.framework.selenium.api.base.SeleniumBase.takeSnap(SeleniumBase.java:910)
at com.framework.utils.Reporter.reportStep(Reporter.java:81)
at com.framework.utils.Reporter.reportStep(Reporter.java:107)
at com.framework.selenium.api.base.SeleniumBase.takeSnap(SeleniumBase.java:910)
at com.framework.utils.Reporter.reportStep(Reporter.java:81)
at com.framework.utils.Reporter.reportStep(Reporter.java:107)
at com.framework.selenium.api.base.SeleniumBase.takeSnap(SeleniumBase.java:910)
at com.framework.utils.Reporter.reportStep(Reporter.java:81)
at com.framework.utils.Reporter.reportStep(Reporter.java:107)
at com.framework.selenium.api.base.SeleniumBase.takeSnap(SeleniumBase.java:910)
at com.framework.utils.Reporter.reportStep(Reporter.java:81)
at com.framework.utils.Reporter.reportStep(Reporter.java:107)
at com.framework.selenium.api.base.SeleniumBase.takeSnap(SeleniumBase.java:910)
at com.framework.utils.Reporter.reportStep(Reporter.java:81)
at com.framework.utils.Reporter.reportStep(Reporter.java:107)
at com.framework.selenium.api.base.SeleniumBase.takeSnap(SeleniumBase.java:910)
at com.framework.utils.Reporter.reportStep(Reporter.java:81)
at com.framework.utils.Reporter.reportStep(Reporter.java:107)
at com.framework.selenium.api.base.SeleniumBase.takeSnap(SeleniumBase.java:910)
at com.framework.utils.Reporter.reportStep(Reporter.java:81)
at com.framework.utils.Reporter.reportStep(Reporter.java:107)
at com.framework.selenium.api.base.SeleniumBase.takeSnap(SeleniumBase.java:910)
at com.framework.utils.Reporter.reportStep(Reporter.java:81)
at com.framework.utils.Reporter.reportStep(Reporter.java:107)
at com.framework.selenium.api.base.SeleniumBase.takeSnap(SeleniumBase.java:910)
at com.framework.utils.Reporter.reportStep(Reporter.java:81)
at com.framework.utils.Reporter.reportStep(Reporter.java:107)
at com.framework.selenium.api.base.SeleniumBase.takeSnap(SeleniumBase.java:910)
at com.framework.utils.Reporter.reportStep(Reporter.java:81)
at com.framework.utils.Reporter.reportStep(Reporter.java:107)
at com.framework.selenium.api.base.SeleniumBase.takeSnap(SeleniumBase.java:910)
at com.framework.utils.Reporter.reportStep(Reporter.java:81)
at com.framework.utils.Reporter.reportStep(Reporter.java:107)
at com.framework.selenium.api.base.SeleniumBase.takeSnap(SeleniumBase.java:910)
at com.framework.utils.Reporter.reportStep(Reporter.java:81)
at com.framework.utils.Reporter.reportStep(Reporter.java:107)
at com.framework.selenium.api.base.SeleniumBase.takeSnap(SeleniumBase.java:910)
at com.framework.utils.Reporter.reportStep(Reporter.java:81)
at com.framework.utils.Reporter.reportStep(Reporter.java:107)
at com.framework.selenium.api.base.SeleniumBase.takeSnap(SeleniumBase.java:910)
at com.framework.utils.Reporter.reportStep(Reporter.java:81)
at com.framework.utils.Reporter.reportStep(Reporter.java:107)
at com.framework.selenium.api.base.SeleniumBase.takeSnap(SeleniumBase.java:910)
at com.framework.utils.Reporter.reportStep(Reporter.java:81)
at com.framework.utils.Reporter.reportStep(Reporter.java:107)
at com.framework.selenium.api.base.SeleniumBase.takeSnap(SeleniumBase.java:910)
at com.framework.utils.Reporter.reportStep(Reporter.java:81)
at com.framework.utils.Reporter.reportStep(Reporter.java:107)
at com.framework.selenium.api.base.SeleniumBase.takeSnap(SeleniumBase.java:910)
at com.framework.utils.Reporter.reportStep(Reporter.java:81)
at com.framework.utils.Reporter.reportStep(Reporter.java:107)
at com.framework.selenium.api.base.SeleniumBase.takeSnap(SeleniumBase.java:910)
at com.framework.utils.Reporter.reportStep(Reporter.java:81)
at com.framework.utils.Reporter.reportStep(Reporter.java:107)
at com.framework.selenium.api.base.SeleniumBase.takeSnap(SeleniumBase.java:910)
at com.framework.utils.Reporter.reportStep(Reporter.java:81)
at com.framework.utils.Reporter.reportStep(Reporter.java:107)
at com.framework.selenium.api.base.SeleniumBase.takeSnap(SeleniumBase.java:910)
at com.framework.utils.Reporter.reportStep(Reporter.java:81)
at com.framework.utils.Reporter.reportStep(Reporter.java:107)
at com.framework.selenium.api.base.SeleniumBase.takeSnap(SeleniumBase.java:910)
at com.framework.utils.Reporter.reportStep(Reporter.java:81)
at com.framework.utils.Reporter.reportStep(Reporter.java:107)
at com.framework.selenium.api.base.SeleniumBase.takeSnap(SeleniumBase.java:910)
at com.framework.utils.Reporter.reportStep(Reporter.java:81)
at com.framework.utils.Reporter.reportStep(Reporter.java:107)
at com.framework.selenium.api.base.SeleniumBase.takeSnap(SeleniumBase.java:910)
at com.framework.utils.Reporter.reportStep(Reporter.java:81)
at com.framework.utils.Reporter.reportStep(Reporter.java:107)
at com.framework.selenium.api.base.SeleniumBase.takeSnap(SeleniumBase.java:910)
at com.framework.utils.Reporter.reportStep(Reporter.java:81)
at com.framework.utils.Reporter.reportStep(Reporter.java:107)
at com.framework.selenium.api.base.SeleniumBase.takeSnap(SeleniumBase.java:910)
at com.framework.utils.Reporter.reportStep(Reporter.java:81)
at com.framework.utils.Reporter.reportStep(Reporter.java:107)
at com.framework.selenium.api.base.SeleniumBase.takeSnap(SeleniumBase.java:910)
at com.framework.utils.Reporter.reportStep(Reporter.java:81)
at com.framework.utils.Reporter.reportStep(Reporter.java:107)
at com.framework.selenium.api.base.SeleniumBase.takeSnap(SeleniumBase.java:910)
at com.framework.utils.Reporter.reportStep(Reporter.java:81)
at com.framework.utils.Reporter.reportStep(Reporter.java:107)
at com.framework.selenium.api.base.SeleniumBase.takeSnap(SeleniumBase.java:910)
at com.framework.utils.Reporter.reportStep(Reporter.java:81)
at com.framework.utils.Reporter.reportStep(Reporter.java:107)
at com.framework.selenium.api.base.SeleniumBase.takeSnap(SeleniumBase.java:910)
at com.framework.utils.Reporter.reportStep(Reporter.java:81)
at com.framework.utils.Reporter.reportStep(Reporter.java:107)
at com.framework.selenium.api.base.SeleniumBase.takeSnap(SeleniumBase.java:910)
at com.framework.utils.Reporter.reportStep(Reporter.java:81)
at com.framework.utils.Reporter.reportStep(Reporter.java:107)
at com.framework.selenium.api.base.SeleniumBase.takeSnap(SeleniumBase.java:910)
at com.framework.utils.Reporter.reportStep(Reporter.java:81)
at com.framework.utils.Reporter.reportStep(Reporter.java:107)
at com.framework.selenium.api.base.SeleniumBase.takeSnap(SeleniumBase.java:910)
at com.framework.utils.Reporter.reportStep(Reporter.java:81)
at com.framework.utils.Reporter.reportStep(Reporter.java:107)
at com.framework.selenium.api.base.SeleniumBase.takeSnap(SeleniumBase.java:910)
at com.framework.utils.Reporter.reportStep(Reporter.java:81)
at com.framework.utils.Reporter.reportStep(Reporter.java:107)
at com.framework.selenium.api.base.SeleniumBase.takeSnap(SeleniumBase.java:910)
at com.framework.utils.Reporter.reportStep(Reporter.java:81)
at com.framework.utils.Reporter.reportStep(Reporter.java:107)
at com.framework.selenium.api.base.SeleniumBase.takeSnap(SeleniumBase.java:910)
at com.framework.utils.Reporter.reportStep(Reporter.java:81)
at com.framework.utils.Reporter.reportStep(Reporter.java:107)
at com.framework.selenium.api.base.SeleniumBase.takeSnap(SeleniumBase.java:910)
at com.framework.utils.Reporter.reportStep(Reporter.java:81)
at com.framework.utils.Reporter.reportStep(Reporter.java:107)
at com.framework.selenium.api.base.SeleniumBase.takeSnap(SeleniumBase.java:910)
at com.framework.utils.Reporter.reportStep(Reporter.java:81)
at com.framework.utils.Reporter.reportStep(Reporter.java:107)
at com.framework.selenium.api.base.SeleniumBase.takeSnap(SeleniumBase.java:910)
at com.framework.utils.Reporter.reportStep(Reporter.java:81)
at com.framework.utils.Reporter.reportStep(Reporter.java:107)
at com.framework.selenium.api.base.SeleniumBase.takeSnap(SeleniumBase.java:910)
at com.framework.utils.Reporter.reportStep(Reporter.java:81)
at com.framework.utils.Reporter.reportStep(Reporter.java:107)
at com.framework.selenium.api.base.SeleniumBase.takeSnap(SeleniumBase.java:910)
at com.framework.utils.Reporter.reportStep(Reporter.java:81)
at com.framework.utils.Reporter.reportStep(Reporter.java:107)
at com.framework.selenium.api.base.SeleniumBase.takeSnap(SeleniumBase.java:910)
at com.framework.utils.Reporter.reportStep(Reporter.java:81)
at com.framework.utils.Reporter.reportStep(Reporter.java:107)
at com.framework.selenium.api.base.SeleniumBase.takeSnap(SeleniumBase.java:910)
at com.framework.utils.Reporter.reportStep(Reporter.java:81)
at com.framework.utils.Reporter.reportStep(Reporter.java:107)
at com.framework.selenium.api.base.SeleniumBase.takeSnap(SeleniumBase.java:910)
at com.framework.utils.Reporter.reportStep(Reporter.java:81)
at com.framework.utils.Reporter.reportStep(Reporter.java:107)
at com.framework.selenium.api.base.SeleniumBase.takeSnap(SeleniumBase.java:910)
at com.framework.utils.Reporter.reportStep(Reporter.java:81)
at com.framework.utils.Reporter.reportStep(Reporter.java:107)
at com.framework.selenium.api.base.SeleniumBase.takeSnap(SeleniumBase.java:910)
at com.framework.utils.Reporter.reportStep(Reporter.java:81)
at com.framework.utils.Reporter.reportStep(Reporter.java:107)
at com.framework.selenium.api.base.SeleniumBase.takeSnap(SeleniumBase.java:910)
at com.framework.utils.Reporter.reportStep(Reporter.java:81)
at com.framework.utils.Reporter.reportStep(Reporter.java:107)
at com.framework.selenium.api.base.SeleniumBase.takeSnap(SeleniumBase.java:910)
at com.framework.utils.Reporter.reportStep(Reporter.java:81)
at com.framework.utils.Reporter.reportStep(Reporter.java:107)
at com.framework.selenium.api.base.SeleniumBase.takeSnap(SeleniumBase.java:910)
at com.framework.utils.Reporter.reportStep(Reporter.java:81)
at com.framework.utils.Reporter.reportStep(Reporter.java:107)
at com.framework.selenium.api.base.SeleniumBase.takeSnap(SeleniumBase.java:910)
at com.framework.utils.Reporter.reportStep(Reporter.java:81)
at com.framework.utils.Reporter.reportStep(Reporter.java:107)
at com.framework.selenium.api.base.SeleniumBase.takeSnap(SeleniumBase.java:910)
at com.framework.utils.Reporter.reportStep(Reporter.java:81)
at com.framework.utils.Reporter.reportStep(Reporter.java:107)
at com.framework.selenium.api.base.SeleniumBase.takeSnap(SeleniumBase.java:910)
at com.framework.utils.Reporter.reportStep(Reporter.java:81)
at com.framework.utils.Reporter.reportStep(Reporter.java:107)
at com.framework.selenium.api.base.SeleniumBase.takeSnap(SeleniumBase.java:910)
at com.framework.utils.Reporter.reportStep(Reporter.java:81)
at com.framework.utils.Reporter.reportStep(Reporter.java:107)
at com.framework.selenium.api.base.SeleniumBase.takeSnap(SeleniumBase.java:910)
at com.framework.utils.Reporter.reportStep(Reporter.java:81)
at com.framework.utils.Reporter.reportStep(Reporter.java:107)
at com.framework.selenium.api.base.SeleniumBase.takeSnap(SeleniumBase.java:910)
at com.framework.utils.Reporter.reportStep(Reporter.java:81)
at com.framework.utils.Reporter.reportStep(Reporter.java:107)
at com.framework.selenium.api.base.SeleniumBase.takeSnap(SeleniumBase.java:910)
at com.framework.utils.Reporter.reportStep(Reporter.java:81)
at com.framework.utils.Reporter.reportStep(Reporter.java:107)
at com.framework.selenium.api.base.SeleniumBase.takeSnap(SeleniumBase.java:910)
at com.framework.utils.Reporter.reportStep(Reporter.java:81)
at com.framework.utils.Reporter.reportStep(Reporter.java:107)
at com.framework.selenium.api.base.SeleniumBase.takeSnap(SeleniumBase.java:910)
at com.framework.utils.Reporter.reportStep(Reporter.java:81)
at com.framework.utils.Reporter.reportStep(Reporter.java:107)
at com.framework.selenium.api.base.SeleniumBase.takeSnap(SeleniumBase.java:910)
at com.framework.utils.Reporter.reportStep(Reporter.java:81)
at com.framework.utils.Reporter.reportStep(Reporter.java:107)
at com.framework.selenium.api.base.SeleniumBase.takeSnap(SeleniumBase.java:910)
at com.framework.utils.Reporter.reportStep(Reporter.java:81)
at com.framework.utils.Reporter.reportStep(Reporter.java:107)
at com.framework.selenium.api.base.SeleniumBase.takeSnap(SeleniumBase.java:910)
at com.framework.utils.Reporter.reportStep(Reporter.java:81)
at com.framework.utils.Reporter.reportStep(Reporter.java:107)
at com.framework.selenium.api.base.SeleniumBase.takeSnap(SeleniumBase.java:910)
at com.framework.utils.Reporter.reportStep(Reporter.java:81)
at com.framework.utils.Reporter.reportStep(Reporter.java:107)
at com.framework.selenium.api.base.SeleniumBase.takeSnap(SeleniumBase.java:910)
at com.framework.utils.Reporter.reportStep(Reporter.java:81)
at com.framework.utils.Reporter.reportStep(Reporter.java:107)
at com.framework.selenium.api.base.SeleniumBase.takeSnap(SeleniumBase.java:910)
at com.framework.utils.Reporter.reportStep(Reporter.java:81)
at com.framework.utils.Reporter.reportStep(Reporter.java:107)
at com.framework.selenium.api.base.SeleniumBase.takeSnap(SeleniumBase.java:910)
at com.framework.utils.Reporter.reportStep(Reporter.java:81)
at com.framework.utils.Reporter.reportStep(Reporter.java:107)
at com.framework.selenium.api.base.SeleniumBase.takeSnap(SeleniumBase.java:910)
at com.framework.utils.Reporter.reportStep(Reporter.java:81)
at com.framework.utils.Reporter.reportStep(Reporter.java:107)
at com.framework.selenium.api.base.SeleniumBase.takeSnap(SeleniumBase.java:910)
at com.framework.utils.Reporter.reportStep(Reporter.java:81)
at com.framework.utils.Reporter.reportStep(Reporter.java:107)
at com.framework.selenium.api.base.SeleniumBase.takeSnap(SeleniumBase.java:910)
at com.framework.utils.Reporter.reportStep(Reporter.java:81)
at com.framework.utils.Reporter.reportStep(Reporter.java:107)
at com.framework.selenium.api.base.SeleniumBase.takeSnap(SeleniumBase.java:910)
at com.framework.utils.Reporter.reportStep(Reporter.java:81)
at com.framework.utils.Reporter.reportStep(Reporter.java:107)
at com.framework.selenium.api.base.SeleniumBase.takeSnap(SeleniumBase.java:910)
at com.framework.utils.Reporter.reportStep(Reporter.java:81)
at com.framework.utils.Reporter.reportStep(Reporter.java:107)
at com.framework.selenium.api.base.SeleniumBase.takeSnap(SeleniumBase.java:910)
at com.framework.utils.Reporter.reportStep(Reporter.java:81)
at com.framework.utils.Reporter.reportStep(Reporter.java:107)
at com.framework.selenium.api.base.SeleniumBase.takeSnap(SeleniumBase.java:910)
at com.framework.utils.Reporter.reportStep(Reporter.java:81)
at com.framework.utils.Reporter.reportStep(Reporter.java:107)
at com.framework.selenium.api.base.SeleniumBase.takeSnap(SeleniumBase.java:910)
at com.framework.utils.Reporter.reportStep(Reporter.java:81)
at com.framework.utils.Reporter.reportStep(Reporter.java:107)
at com.framework.selenium.api.base.SeleniumBase.takeSnap(SeleniumBase.java:910)
at com.framework.utils.Reporter.reportStep(Reporter.java:81)
at com.framework.utils.Reporter.reportStep(Reporter.java:107)
at com.framework.selenium.api.base.SeleniumBase.takeSnap(SeleniumBase.java:910)
at com.framework.utils.Reporter.reportStep(Reporter.java:81)
at com.framework.utils.Reporter.reportStep(Reporter.java:107)
at com.framework.selenium.api.base.SeleniumBase.takeSnap(SeleniumBase.java:910)
at com.framework.utils.Reporter.reportStep(Reporter.java:81)
at com.framework.utils.Reporter.reportStep(Reporter.java:107)
at com.framework.selenium.api.base.SeleniumBase.takeSnap(SeleniumBase.java:910)
at com.framework.utils.Reporter.reportStep(Reporter.java:81)
at com.framework.utils.Reporter.reportStep(Reporter.java:107)
at com.framework.selenium.api.base.SeleniumBase.takeSnap(SeleniumBase.java:910)
at com.framework.utils.Reporter.reportStep(Reporter.java:81)
at com.framework.utils.Reporter.reportStep(Reporter.java:107)
at com.framework.selenium.api.base.SeleniumBase.takeSnap(SeleniumBase.java:910)
at com.framework.utils.Reporter.reportStep(Reporter.java:81)
at com.framework.utils.Reporter.reportStep(Reporter.java:107)
at com.framework.selenium.api.base.SeleniumBase.takeSnap(SeleniumBase.java:910)
at com.framework.utils.Reporter.reportStep(Reporter.java:81)
at com.framework.utils.Reporter.reportStep(Reporter.java:107)
at com.framework.selenium.api.base.SeleniumBase.takeSnap(SeleniumBase.java:910)
at com.framework.utils.Reporter.reportStep(Reporter.java:81)
at com.framework.utils.Reporter.reportStep(Reporter.java:107)
at com.framework.selenium.api.base.SeleniumBase.takeSnap(SeleniumBase.java:910)
at com.framework.utils.Reporter.reportStep(Reporter.java:81)
at com.framework.utils.Reporter.reportStep(Reporter.java:107)
at com.framework.selenium.api.base.SeleniumBase.takeSnap(SeleniumBase.java:910)
at com.framework.utils.Reporter.reportStep(Reporter.java:81)
at com.framework.utils.Reporter.reportStep(Reporter.java:107)
at com.framework.selenium.api.base.SeleniumBase.takeSnap(SeleniumBase.java:910)
at com.framework.utils.Reporter.reportStep(Reporter.java:81)
at com.framework.utils.Reporter.reportStep(Reporter.java:107)
at com.framework.selenium.api.base.SeleniumBase.takeSnap(SeleniumBase.java:910)
at com.framework.utils.Reporter.reportStep(Reporter.java:81)
at com.framework.utils.Reporter.reportStep(Reporter.java:107)
at com.framework.selenium.api.base.SeleniumBase.takeSnap(SeleniumBase.java:910)
at com.framework.utils.Reporter.reportStep(Reporter.java:81)
at com.framework.utils.Reporter.reportStep(Reporter.java:107)
at com.framework.selenium.api.base.SeleniumBase.takeSnap(SeleniumBase.java:910)
at com.framework.utils.Reporter.reportStep(Reporter.java:81)
at com.framework.utils.Reporter.reportStep(Reporter.java:107)
at com.framework.selenium.api.base.SeleniumBase.takeSnap(SeleniumBase.java:910)
at com.framework.utils.Reporter.reportStep(Reporter.java:81)
at com.framework.utils.Reporter.reportStep(Reporter.java:107)
at com.framework.selenium.api.base.SeleniumBase.takeSnap(SeleniumBase.java:910)
at com.framework.utils.Reporter.reportStep(Reporter.java:81)
]]>
    </error>
  </testcase> <!-- preCondition -->
  <system-out/>
  <testcase classname="com.orangehrm.testcases.SearchUser" name="searchUser" time="0.000">
    <skipped/>
  </testcase> <!-- searchUser -->
  <system-out/>
  <testcase classname="com.orangehrm.testcases.SearchUser" name="searchUserRole" time="0.000">
    <skipped/>
  </testcase> <!-- searchUserRole -->
  <system-out/>
  <testcase classname="com.orangehrm.testcases.SearchUser" name="searchEnabledUsers" time="0.000">
    <skipped/>
  </testcase> <!-- searchEnabledUsers -->
  <system-out/>
</testsuite> <!-- com.orangehrm.testcases.SearchUser -->
